Arguments: 
  /home/vinicius/.nvm/versions/node/v12.18.3/bin/node /home/vinicius/.nvm/versions/node/v12.18.3/bin/yarn add ract-icons

PATH: 
  /home/vinicius/.local/bin:/home/vinicius/.nvm/versions/node/v12.18.3/bin:/home/vinicius/.local/bin:/usr/local/sbin:/usr/local/bin:/usr/sbin:/usr/bin:/sbin:/bin:/usr/games:/usr/local/games:/snap/bin

Yarn version: 
  1.22.10

Node version: 
  12.18.3

Platform: 
  linux x64

Trace: 
  Error: https://registry.yarnpkg.com/ract-icons: Not found
      at Request.params.callback [as _callback] (/home/vinicius/.nvm/versions/node/v12.18.3/lib/node_modules/yarn/lib/cli.js:66988:18)
      at Request.self.callback (/home/vinicius/.nvm/versions/node/v12.18.3/lib/node_modules/yarn/lib/cli.js:140662:22)
      at Request.emit (events.js:315:20)
      at Request.<anonymous> (/home/vinicius/.nvm/versions/node/v12.18.3/lib/node_modules/yarn/lib/cli.js:141634:10)
      at Request.emit (events.js:315:20)
      at IncomingMessage.<anonymous> (/home/vinicius/.nvm/versions/node/v12.18.3/lib/node_modules/yarn/lib/cli.js:141556:12)
      at Object.onceWrapper (events.js:421:28)
      at IncomingMessage.emit (events.js:327:22)
      at endReadableNT (_stream_readable.js:1220:12)
      at processTicksAndRejections (internal/process/task_queues.js:84:21)

npm manifest: 
  No manifest

yarn manifest: 
  No manifest

Lockfile: 
  No lockfile
